#
# There is insufficient memory for the Java Runtime Environment to continue.
# Native memory allocation (malloc) failed to allocate 71120 bytes for Chunk::new
# Possible reasons:
#   The system is out of physical RAM or swap space
#   The process is running with CompressedOops enabled, and the Java Heap may be blocking the growth of the native heap
# Possible solutions:
#   Reduce memory load on the system
#   Increase physical memory or swap space
#   Check if swap backing store is full
#   Decrease Java heap size (-Xmx/-Xms)
#   Decrease number of Java threads
#   Decrease Java thread stack sizes (-Xss)
#   Set larger code cache with -XX:ReservedCodeCacheSize=
#   JVM is running with Unscaled Compressed Oops mode in which the Java heap is
#     placed in the first 4GB address space. The Java Heap base address is the
#     maximum limit for the native heap growth. Please use -XX:HeapBaseMinAddress
#     to set the Java Heap base and to place the Java Heap above 4GB virtual address.
# This output file may be truncated or incomplete.
#
#  Out of Memory Error (arena.cpp:195), pid=15672, tid=9656
#
# JRE version: Java(TM) SE Runtime Environment (16.0.2+7) (build 16.0.2+7-67)
# Java VM: Java HotSpot(TM) 64-Bit Server VM (16.0.2+7-67, mixed mode, sharing, tiered, compressed oops, compressed class ptrs, g1 gc, windows-amd64)
# No core dump will be written. Minidumps are not enabled by default on client versions of Windows
#

---------------  S U M M A R Y ------------

Command Line: -Dfile.encoding=Cp1252 -XX:+ShowCodeDetailsInExceptionMessages view.TelaMenu

Host: Intel(R) Core(TM) i5-8250U CPU @ 1.60GHz, 8 cores, 7G,  Windows 10 , 64 bit Build 22000 (10.0.22000.434)
Time: Thu Apr  7 19:19:16 2022 Hora Padrão da Bahia elapsed time: 0.525564 seconds (0d 0h 0m 0s)

---------------  T H R E A D  ---------------

Current thread (0x000001896ffa0360):  JavaThread "C2 CompilerThread1" daemon [_thread_in_native, id=9656, stack(0x0000005774900000,0x0000005774a00000)]


Current CompileTask:
C2:    525  900       4       java.util.HashMap::get (19 bytes)

Stack: [0x0000005774900000,0x0000005774a00000]
Native frames: (J=compiled Java code, j=interpreted, Vv=VM code, C=native code)
V  [jvm.dll+0x6681ca]
V  [jvm.dll+0x7c9e69]
V  [jvm.dll+0x7cb61e]
V  [jvm.dll+0x7cbc73]
V  [jvm.dll+0x242c55]
V  [jvm.dll+0xadeba]
V  [jvm.dll+0xae45c]
V  [jvm.dll+0x35a8d7]
V  [jvm.dll+0x324de1]
V  [jvm.dll+0x32428a]
V  [jvm.dll+0x215cec]
V  [jvm.dll+0x215100]
V  [jvm.dll+0x1a1beb]
V  [jvm.dll+0x225158]
V  [jvm.dll+0x22319c]
V  [jvm.dll+0x77fa62]
V  [jvm.dll+0x7795aa]
V  [jvm.dll+0x667066]
C  [ucrtbase.dll+0x26c0c]
C  [KERNEL32.DLL+0x154e0]
C  [ntdll.dll+0x485b]


---------------  P R O C E S S  ---------------

Threads class SMR info:
_java_thread_list=0x000001896ff8aa60, length=18, elements={
0x000001896e764000, 0x000001896e764cc0, 0x000001896e777f20, 0x000001896e779930,
0x000001896e77a330, 0x000001896e77bd40, 0x000001896e780020, 0x000001896e788b20,
0x000001896e7991a0, 0x000001896f2078e0, 0x000001896f20c510, 0x000001896f434280,
0x000001896f46c830, 0x000001896f4347a0, 0x000001896f4c8ef0, 0x000001895074abb0,
0x000001896ffa0360, 0x00000189701c26d0
}

Java Threads: ( => current thread )
  0x000001896e764000 JavaThread "Reference Handler" daemon [_thread_blocked, id=15312, stack(0x0000005773600000,0x0000005773700000)]
  0x000001896e764cc0 JavaThread "Finalizer" daemon [_thread_blocked, id=25420, stack(0x0000005773700000,0x0000005773800000)]
  0x000001896e777f20 JavaThread "Signal Dispatcher" daemon [_thread_blocked, id=20444, stack(0x0000005773800000,0x0000005773900000)]
  0x000001896e779930 JavaThread "Attach Listener" daemon [_thread_blocked, id=21540, stack(0x0000005773900000,0x0000005773a00000)]
  0x000001896e77a330 JavaThread "Service Thread" daemon [_thread_blocked, id=16916, stack(0x0000005773a00000,0x0000005773b00000)]
  0x000001896e77bd40 JavaThread "Monitor Deflation Thread" daemon [_thread_blocked, id=9212, stack(0x0000005773b00000,0x0000005773c00000)]
  0x000001896e780020 JavaThread "C2 CompilerThread0" daemon [_thread_blocked, id=360, stack(0x0000005773c00000,0x0000005773d00000)]
  0x000001896e788b20 JavaThread "C1 CompilerThread0" daemon [_thread_blocked, id=16156, stack(0x0000005773d00000,0x0000005773e00000)]
  0x000001896e7991a0 JavaThread "Sweeper thread" daemon [_thread_blocked, id=21088, stack(0x0000005773e00000,0x0000005773f00000)]
  0x000001896f2078e0 JavaThread "Notification Thread" daemon [_thread_blocked, id=21680, stack(0x0000005773f00000,0x0000005774000000)]
  0x000001896f20c510 JavaThread "Common-Cleaner" daemon [_thread_blocked, id=10028, stack(0x0000005774100000,0x0000005774200000)]
  0x000001896f434280 JavaThread "Java2D Disposer" daemon [_thread_blocked, id=9852, stack(0x0000005774200000,0x0000005774300000)]
  0x000001896f46c830 JavaThread "AWT-Shutdown" [_thread_blocked, id=22864, stack(0x0000005774300000,0x0000005774400000)]
  0x000001896f4347a0 JavaThread "AWT-Windows" daemon [_thread_in_native, id=19508, stack(0x0000005774400000,0x0000005774500000)]
  0x000001896f4c8ef0 JavaThread "AWT-EventQueue-0" [_thread_blocked, id=3572, stack(0x0000005774500000,0x0000005774600000)]
  0x000001895074abb0 JavaThread "DestroyJavaVM" [_thread_blocked, id=11572, stack(0x0000005772f00000,0x0000005773000000)]
=>0x000001896ffa0360 JavaThread "C2 CompilerThread1" daemon [_thread_in_native, id=9656, stack(0x0000005774900000,0x0000005774a00000)]
  0x00000189701c26d0 JavaThread "TimerQueue" daemon [_thread_blocked, id=7008, stack(0x0000005774a00000,0x0000005774b00000)]

Other Threads:
  0x000001896e7604b0 VMThread "VM Thread" [stack: 0x0000005773500000,0x0000005773600000] [id=24636]
  0x000001896f20c220 WatcherThread [stack: 0x0000005774000000,0x0000005774100000] [id=15644]
  0x000001895078b4b0 GCTaskThread "GC Thread#0" [stack: 0x0000005773000000,0x0000005773100000] [id=3916]
  0x000001895079d640 ConcurrentGCThread "G1 Main Marker" [stack: 0x0000005773100000,0x0000005773200000] [id=15196]
  0x000001895079f760 ConcurrentGCThread "G1 Conc#0" [stack: 0x0000005773200000,0x0000005773300000] [id=20040]
  0x000001896e6104a0 ConcurrentGCThread "G1 Refine#0" [stack: 0x0000005773300000,0x0000005773400000] [id=14508]
  0x000001896e610e20 ConcurrentGCThread "G1 Service" [stack: 0x0000005773400000,0x0000005773500000] [id=20224]

Threads with active compile tasks:
C2 CompilerThread1      567  900       4       java.util.HashMap::get (19 bytes)

VM state: not at safepoint (normal execution)

VM Mutex/Monitor currently owned by a thread: None

Heap address: 0x0000000081600000, size: 2026 MB, Compressed Oops mode: 32-bit

CDS archive(s) mapped at: [0x0000000800000000-0x0000000800bb0000-0x0000000800bb0000), size 12255232, SharedBaseAddress: 0x0000000800000000, ArchiveRelocationMode: 0.
Compressed class space mapped at: 0x0000000800c00000-0x0000000840c00000, reserved size: 1073741824
Narrow klass base: 0x0000000800000000, Narrow klass shift: 3, Narrow klass range: 0x100000000

GC Precious Log:
 CPUs: 8 total, 8 available
 Memory: 8101M
 Large Page Support: Disabled
 NUMA Support: Disabled
 Compressed Oops: Enabled (32-bit)
 Heap Region Size: 1M
 Heap Min Capacity: 8M
 Heap Initial Capacity: 128M
 Heap Max Capacity: 2026M
 Pre-touch: Disabled
 Parallel Workers: 8
 Concurrent Workers: 2
 Concurrent Refinement Workers: 8
 Periodic GC: Disabled

Heap:
 garbage-first heap   total 131072K, used 10240K [0x0000000081600000, 0x0000000100000000)
  region size 1024K, 9 young (9216K), 0 survivors (0K)
 Metaspace       used 7859K, committed 8128K, reserved 1056768K
  class space    used 881K, committed 1024K, reserved 1048576K

Heap Regions: E=young(eden), S=young(survivor), O=old, HS=humongous(starts), HC=humongous(continues), CS=collection set, F=free, OA=open archive, CA=closed archive, TAMS=top-at-mark-start (previous, next)
|   0|0x0000000081600000, 0x0000000081700000, 0x0000000081700000|100%|HS|  |TAMS 0x0000000081600000, 0x0000000081600000| Complete 
|   1|0x0000000081700000, 0x0000000081800000, 0x0000000081800000|100%|HC|  |TAMS 0x0000000081700000, 0x0000000081700000| Complete 
|   2|0x0000000081800000, 0x0000000081800000, 0x0000000081900000|  0%| F|  |TAMS 0x0000000081800000, 0x0000000081800000| Untracked 
|   3|0x0000000081900000, 0x0000000081900000, 0x0000000081a00000|  0%| F|  |TAMS 0x0000000081900000, 0x0000000081900000| Untracked 
|   4|0x0000000081a00000, 0x0000000081a00000, 0x0000000081b00000|  0%| F|  |TAMS 0x0000000081a00000, 0x0000000081a00000| Untracked 
|   5|0x0000000081b00000, 0x0000000081b00000, 0x0000000081c00000|  0%| F|  |TAMS 0x0000000081b00000, 0x0000000081b00000| Untracked 
|   6|0x0000000081c00000, 0x0000000081c00000, 0x0000000081d00000|  0%| F|  |TAMS 0x0000000081c00000, 0x0000000081c00000| Untracked 
|   7|0x0000000081d00000, 0x0000000081d00000, 0x0000000081e00000|  0%| F|  |TAMS 0x0000000081d00000, 0x0000000081d00000| Untracked 
|   8|0x0000000081e00000, 0x0000000081e00000, 0x0000000081f00000|  0%| F|  |TAMS 0x0000000081e00000, 0x0000000081e00000| Untracked 
|   9|0x0000000081f00000, 0x0000000081f00000, 0x0000000082000000|  0%| F|  |TAMS 0x0000000081f00000, 0x0000000081f00000| Untracked 
|  10|0x0000000082000000, 0x0000000082000000, 0x0000000082100000|  0%| F|  |TAMS 0x0000000082000000, 0x0000000082000000| Untracked 
|  11|0x0000000082100000, 0x0000000082100000, 0x0000000082200000|  0%| F|  |TAMS 0x0000000082100000, 0x0000000082100000| Untracked 
|  12|0x0000000082200000, 0x0000000082200000, 0x0000000082300000|  0%| F|  |TAMS 0x0000000082200000, 0x0000000082200000| Untracked 
|  13|0x0000000082300000, 0x0000000082300000, 0x0000000082400000|  0%| F|  |TAMS 0x0000000082300000, 0x0000000082300000| Untracked 
|  14|0x0000000082400000, 0x0000000082400000, 0x0000000082500000|  0%| F|  |TAMS 0x0000000082400000, 0x0000000082400000| Untracked 
|  15|0x0000000082500000, 0x0000000082500000, 0x0000000082600000|  0%| F|  |TAMS 0x0000000082500000, 0x0000000082500000| Untracked 
|  16|0x0000000082600000, 0x0000000082600000, 0x0000000082700000|  0%| F|  |TAMS 0x0000000082600000, 0x0000000082600000| Untracked 
|  17|0x0000000082700000, 0x0000000082700000, 0x0000000082800000|  0%| F|  |TAMS 0x0000000082700000, 0x0000000082700000| Untracked 
|  18|0x0000000082800000, 0x0000000082800000, 0x0000000082900000|  0%| F|  |TAMS 0x0000000082800000, 0x0000000082800000| Untracked 
|  19|0x0000000082900000, 0x0000000082900000, 0x0000000082a00000|  0%| F|  |TAMS 0x0000000082900000, 0x0000000082900000| Untracked 
|  20|0x0000000082a00000, 0x0000000082a00000, 0x0000000082b00000|  0%| F|  |TAMS 0x0000000082a00000, 0x0000000082a00000| Untracked 
|  21|0x0000000082b00000, 0x0000000082b00000, 0x0000000082c00000|  0%| F|  |TAMS 0x0000000082b00000, 0x0000000082b00000| Untracked 
|  22|0x0000000082c00000, 0x0000000082c00000, 0x0000000082d00000|  0%| F|  |TAMS 0x0000000082c00000, 0x0000000082c00000| Untracked 
|  23|0x0000000082d00000, 0x0000000082d00000, 0x0000000082e00000|  0%| F|  |TAMS 0x0000000082d00000, 0x0000000082d00000| Untracked 
|  24|0x0000000082e00000, 0x0000000082e00000, 0x0000000082f00000|  0%| F|  |TAMS 0x0000000082e00000, 0x0000000082e00000| Untracked 
|  25|0x0000000082f00000, 0x0000000082f00000, 0x0000000083000000|  0%| F|  |TAMS 0x0000000082f00000, 0x0000000082f00000| Untracked 
|  26|0x0000000083000000, 0x0000000083000000, 0x0000000083100000|  0%| F|  |TAMS 0x0000000083000000, 0x0000000083000000| Untracked 
|  27|0x0000000083100000, 0x0000000083100000, 0x0000000083200000|  0%| F|  |TAMS 0x0000000083100000, 0x0000000083100000| Untracked 
|  28|0x0000000083200000, 0x0000000083200000, 0x0000000083300000|  0%| F|  |TAMS 0x0000000083200000, 0x0000000083200000| Untracked 
|  29|0x0000000083300000, 0x0000000083300000, 0x0000000083400000|  0%| F|  |TAMS 0x0000000083300000, 0x0000000083300000| Untracked 
|  30|0x0000000083400000, 0x0000000083400000, 0x0000000083500000|  0%| F|  |TAMS 0x0000000083400000, 0x0000000083400000| Untracked 
|  31|0x0000000083500000, 0x0000000083500000, 0x0000000083600000|  0%| F|  |TAMS 0x0000000083500000, 0x0000000083500000| Untracked 
|  32|0x0000000083600000, 0x0000000083600000, 0x0000000083700000|  0%| F|  |TAMS 0x0000000083600000, 0x0000000083600000| Untracked 
|  33|0x0000000083700000, 0x0000000083700000, 0x0000000083800000|  0%| F|  |TAMS 0x0000000083700000, 0x0000000083700000| Untracked 
|  34|0x0000000083800000, 0x0000000083800000, 0x0000000083900000|  0%| F|  |TAMS 0x0000000083800000, 0x0000000083800000| Untracked 
|  35|0x0000000083900000, 0x0000000083900000, 0x0000000083a00000|  0%| F|  |TAMS 0x0000000083900000, 0x0000000083900000| Untracked 
|  36|0x0000000083a00000, 0x0000000083a00000, 0x0000000083b00000|  0%| F|  |TAMS 0x0000000083a00000, 0x0000000083a00000| Untracked 
|  37|0x0000000083b00000, 0x0000000083b00000, 0x0000000083c00000|  0%| F|  |TAMS 0x0000000083b00000, 0x0000000083b00000| Untracked 
|  38|0x0000000083c00000, 0x0000000083c00000, 0x0000000083d00000|  0%| F|  |TAMS 0x0000000083c00000, 0x0000000083c00000| Untracked 
|  39|0x0000000083d00000, 0x0000000083d00000, 0x0000000083e00000|  0%| F|  |TAMS 0x0000000083d00000, 0x0000000083d00000| Untracked 
|  40|0x0000000083e00000, 0x0000000083e00000, 0x0000000083f00000|  0%| F|  |TAMS 0x0000000083e00000, 0x0000000083e00000| Untracked 
|  41|0x0000000083f00000, 0x0000000083f00000, 0x0000000084000000|  0%| F|  |TAMS 0x0000000083f00000, 0x0000000083f00000| Untracked 
|  42|0x0000000084000000, 0x0000000084000000, 0x0000000084100000|  0%| F|  |TAMS 0x0000000084000000, 0x0000000084000000| Untracked 
|  43|0x0000000084100000, 0x0000000084100000, 0x0000000084200000|  0%| F|  |TAMS 0x0000000084100000, 0x0000000084100000| Untracked 
|  44|0x0000000084200000, 0x0000000084200000, 0x0000000084300000|  0%| F|  |TAMS 0x0000000084200000, 0x0000000084200000| Untracked 
|  45|0x0000000084300000, 0x0000000084300000, 0x0000000084400000|  0%| F|  |TAMS 0x0000000084300000, 0x0000000084300000| Untracked 
|  46|0x0000000084400000, 0x0000000084400000, 0x0000000084500000|  0%| F|  |TAMS 0x0000000084400000, 0x0000000084400000| Untracked 
|  47|0x0000000084500000, 0x0000000084500000, 0x0000000084600000|  0%| F|  |TAMS 0x0000000084500000, 0x0000000084500000| Untracked 
|  48|0x0000000084600000, 0x0000000084600000, 0x0000000084700000|  0%| F|  |TAMS 0x0000000084600000, 0x0000000084600000| Untracked 
|  49|0x0000000084700000, 0x0000000084700000, 0x0000000084800000|  0%| F|  |TAMS 0x0000000084700000, 0x0000000084700000| Untracked 
|  50|0x0000000084800000, 0x0000000084800000, 0x0000000084900000|  0%| F|  |TAMS 0x0000000084800000, 0x0000000084800000| Untracked 
|  51|0x0000000084900000, 0x0000000084900000, 0x0000000084a00000|  0%| F|  |TAMS 0x0000000084900000, 0x0000000084900000| Untracked 
|  52|0x0000000084a00000, 0x0000000084a00000, 0x0000000084b00000|  0%| F|  |TAMS 0x0000000084a00000, 0x0000000084a00000| Untracked 
|  53|0x0000000084b00000, 0x0000000084b00000, 0x0000000084c00000|  0%| F|  |TAMS 0x0000000084b00000, 0x0000000084b00000| Untracked 
|  54|0x0000000084c00000, 0x0000000084c00000, 0x0000000084d00000|  0%| F|  |TAMS 0x0000000084c00000, 0x0000000084c00000| Untracked 
|  55|0x0000000084d00000, 0x0000000084d00000, 0x0000000084e00000|  0%| F|  |TAMS 0x0000000084d00000, 0x0000000084d00000| Untracked 
|  56|0x0000000084e00000, 0x0000000084e00000, 0x0000000084f00000|  0%| F|  |TAMS 0x0000000084e00000, 0x0000000084e00000| Untracked 
|  57|0x0000000084f00000, 0x0000000084f00000, 0x0000000085000000|  0%| F|  |TAMS 0x0000000084f00000, 0x0000000084f00000| Untracked 
|  58|0x0000000085000000, 0x0000000085000000, 0x0000000085100000|  0%| F|  |TAMS 0x0000000085000000, 0x0000000085000000| Untracked 
|  59|0x0000000085100000, 0x0000000085100000, 0x0000000085200000|  0%| F|  |TAMS 0x0000000085100000, 0x0000000085100000| Untracked 
|  60|0x0000000085200000, 0x0000000085200000, 0x0000000085300000|  0%| F|  |TAMS 0x0000000085200000, 0x0000000085200000| Untracked 
|  61|0x0000000085300000, 0x0000000085300000, 0x0000000085400000|  0%| F|  |TAMS 0x0000000085300000, 0x0000000085300000| Untracked 
|  62|0x0000000085400000, 0x0000000085400000, 0x0000000085500000|  0%| F|  |TAMS 0x0000000085400000, 0x0000000085400000| Untracked 
|  63|0x0000000085500000, 0x0000000085500000, 0x0000000085600000|  0%| F|  |TAMS 0x0000000085500000, 0x0000000085500000| Untracked 
|  64|0x0000000085600000, 0x0000000085600000, 0x0000000085700000|  0%| F|  |TAMS 0x0000000085600000, 0x0000000085600000| Untracked 
|  65|0x0000000085700000, 0x0000000085700000, 0x0000000085800000|  0%| F|  |TAMS 0x0000000085700000, 0x0000000085700000| Untracked 
|  66|0x0000000085800000, 0x0000000085800000, 0x0000000085900000|  0%| F|  |TAMS 0x0000000085800000, 0x0000000085800000| Untracked 
|  67|0x0000000085900000, 0x0000000085900000, 0x0000000085a00000|  0%| F|  |TAMS 0x0000000085900000, 0x0000000085900000| Untracked 
|  68|0x0000000085a00000, 0x0000000085a00000, 0x0000000085b00000|  0%| F|  |TAMS 0x0000000085a00000, 0x0000000085a00000| Untracked 
|  69|0x0000000085b00000, 0x0000000085b00000, 0x0000000085c00000|  0%| F|  |TAMS 0x0000000085b00000, 0x0000000085b00000| Untracked 
|  70|0x0000000085c00000, 0x0000000085c00000, 0x0000000085d00000|  0%| F|  |TAMS 0x0000000085c00000, 0x0000000085c00000| Untracked 
|  71|0x0000000085d00000, 0x0000000085d00000, 0x0000000085e00000|  0%| F|  |TAMS 0x0000000085d00000, 0x0000000085d00000| Untracked 
|  72|0x0000000085e00000, 0x0000000085e00000, 0x0000000085f00000|  0%| F|  |TAMS 0x0000000085e00000, 0x0000000085e00000| Untracked 
|  73|0x0000000085f00000, 0x0000000085f00000, 0x0000000086000000|  0%| F|  |TAMS 0x0000000085f00000, 0x0000000085f00000| Untracked 
|  74|0x0000000086000000, 0x0000000086000000, 0x0000000086100000|  0%| F|  |TAMS 0x0000000086000000, 0x0000000086000000| Untracked 
|  75|0x0000000086100000, 0x0000000086100000, 0x0000000086200000|  0%| F|  |TAMS 0x0000000086100000, 0x0000000086100000| Untracked 
|  76|0x0000000086200000, 0x0000000086200000, 0x0000000086300000|  0%| F|  |TAMS 0x0000000086200000, 0x0000000086200000| Untracked 
|  77|0x0000000086300000, 0x0000000086300000, 0x0000000086400000|  0%| F|  |TAMS 0x0000000086300000, 0x0000000086300000| Untracked 
|  78|0x0000000086400000, 0x0000000086400000, 0x0000000086500000|  0%| F|  |TAMS 0x0000000086400000, 0x0000000086400000| Untracked 
|  79|0x0000000086500000, 0x0000000086500000, 0x0000000086600000|  0%| F|  |TAMS 0x0000000086500000, 0x0000000086500000| Untracked 
|  80|0x0000000086600000, 0x0000000086600000, 0x0000000086700000|  0%| F|  |TAMS 0x0000000086600000, 0x0000000086600000| Untracked 
|  81|0x0000000086700000, 0x0000000086700000, 0x0000000086800000|  0%| F|  |TAMS 0x0000000086700000, 0x0000000086700000| Untracked 
|  82|0x0000000086800000, 0x0000000086800000, 0x0000000086900000|  0%| F|  |TAMS 0x0000000086800000, 0x0000000086800000| Untracked 
|  83|0x0000000086900000, 0x0000000086900000, 0x0000000086a00000|  0%| F|  |TAMS 0x0000000086900000, 0x0000000086900000| Untracked 
|  84|0x0000000086a00000, 0x0000000086a00000, 0x0000000086b00000|  0%| F|  |TAMS 0x0000000086a00000, 0x0000000086a00000| Untracked 
|  85|0x0000000086b00000, 0x0000000086b00000, 0x0000000086c00000|  0%| F|  |TAMS 0x0000000086b00000, 0x0000000086b00000| Untracked 
|  86|0x0000000086c00000, 0x0000000086c00000, 0x0000000086d00000|  0%| F|  |TAMS 0x0000000086c00000, 0x0000000086c00000| Untracked 
|  87|0x0000000086d00000, 0x0000000086d00000, 0x0000000086e00000|  0%| F|  |TAMS 0x0000000086d00000, 0x0000000086d00000| Untracked 
|  88|0x0000000086e00000, 0x0000000086e00000, 0x0000000086f00000|  0%| F|  |TAMS 0x0000000086e00000, 0x0000000086e00000| Untracked 
|  89|0x0000000086f00000, 0x0000000086f00000, 0x0000000087000000|  0%| F|  |TAMS 0x0000000086f00000, 0x0000000086f00000| Untracked 
|  90|0x0000000087000000, 0x0000000087000000, 0x0000000087100000|  0%| F|  |TAMS 0x0000000087000000, 0x0000000087000000| Untracked 
|  91|0x0000000087100000, 0x0000000087100000, 0x0000000087200000|  0%| F|  |TAMS 0x0000000087100000, 0x0000000087100000| Untracked 
|  92|0x0000000087200000, 0x0000000087200000, 0x0000000087300000|  0%| F|  |TAMS 0x0000000087200000, 0x0000000087200000| Untracked 
|  93|0x0000000087300000, 0x0000000087300000, 0x0000000087400000|  0%| F|  |TAMS 0x0000000087300000, 0x0000000087300000| Untracked 
|  94|0x0000000087400000, 0x0000000087400000, 0x0000000087500000|  0%| F|  |TAMS 0x0000000087400000, 0x0000000087400000| Untracked 
|  95|0x0000000087500000, 0x0000000087500000, 0x0000000087600000|  0%| F|  |TAMS 0x0000000087500000, 0x0000000087500000| Untracked 
|  96|0x0000000087600000, 0x0000000087600000, 0x0000000087700000|  0%| F|  |TAMS 0x0000000087600000, 0x0000000087600000| Untracked 
|  97|0x0000000087700000, 0x0000000087700000, 0x0000000087800000|  0%| F|  |TAMS 0x0000000087700000, 0x0000000087700000| Untracked 
|  98|0x0000000087800000, 0x0000000087800000, 0x0000000087900000|  0%| F|  |TAMS 0x0000000087800000, 0x0000000087800000| Untracked 
|  99|0x0000000087900000, 0x0000000087900000, 0x0000000087a00000|  0%| F|  |TAMS 0x0000000087900000, 0x0000000087900000| Untracked 
| 100|0x0000000087a00000, 0x0000000087a00000, 0x0000000087b00000|  0%| F|  |TAMS 0x0000000087a00000, 0x0000000087a00000| Untracked 
| 101|0x0000000087b00000, 0x0000000087b00000, 0x0000000087c00000|  0%| F|  |TAMS 0x0000000087b00000, 0x0000000087b00000| Untracked 
| 102|0x0000000087c00000, 0x0000000087c00000, 0x0000000087d00000|  0%| F|  |TAMS 0x0000000087c00000, 0x0000000087c00000| Untracked 
| 103|0x0000000087d00000, 0x0000000087d00000, 0x0000000087e00000|  0%| F|  |TAMS 0x0000000087d00000, 0x0000000087d00000| Untracked 
| 104|0x0000000087e00000, 0x0000000087e00000, 0x0000000087f00000|  0%| F|  |TAMS 0x0000000087e00000, 0x0000000087e00000| Untracked 
| 105|0x0000000087f00000, 0x0000000087f00000, 0x0000000088000000|  0%| F|  |TAMS 0x0000000087f00000, 0x0000000087f00000| Untracked 
| 106|0x0000000088000000, 0x0000000088000000, 0x0000000088100000|  0%| F|  |TAMS 0x0000000088000000, 0x0000000088000000| Untracked 
| 107|0x0000000088100000, 0x0000000088100000, 0x0000000088200000|  0%| F|  |TAMS 0x0000000088100000, 0x0000000088100000| Untracked 
| 108|0x0000000088200000, 0x0000000088200000, 0x0000000088300000|  0%| F|  |TAMS 0x0000000088200000, 0x0000000088200000| Untracked 
| 109|0x0000000088300000, 0x0000000088300000, 0x0000000088400000|  0%| F|  |TAMS 0x0000000088300000, 0x0000000088300000| Untracked 
| 110|0x0000000088400000, 0x0000000088400000, 0x0000000088500000|  0%| F|  |TAMS 0x0000000088400000, 0x0000000088400000| Untracked 
| 111|0x0000000088500000, 0x0000000088500000, 0x0000000088600000|  0%| F|  |TAMS 0x0000000088500000, 0x0000000088500000| Untracked 
| 112|0x0000000088600000, 0x0000000088600000, 0x0000000088700000|  0%| F|  |TAMS 0x0000000088600000, 0x0000000088600000| Untracked 
| 113|0x0000000088700000, 0x0000000088700000, 0x0000000088800000|  0%| F|  |TAMS 0x0000000088700000, 0x0000000088700000| Untracked 
| 114|0x0000000088800000, 0x0000000088800000, 0x0000000088900000|  0%| F|  |TAMS 0x0000000088800000, 0x0000000088800000| Untracked 
| 115|0x0000000088900000, 0x0000000088900000, 0x0000000088a00000|  0%| F|  |TAMS 0x0000000088900000, 0x0000000088900000| Untracked 
| 116|0x0000000088a00000, 0x0000000088a00000, 0x0000000088b00000|  0%| F|  |TAMS 0x0000000088a00000, 0x0000000088a00000| Untracked 
| 117|0x0000000088b00000, 0x0000000088b00000, 0x0000000088c00000|  0%| F|  |TAMS 0x0000000088b00000, 0x0000000088b00000| Untracked 
| 118|0x0000000088c00000, 0x0000000088c00000, 0x0000000088d00000|  0%| F|  |TAMS 0x0000000088c00000, 0x0000000088c00000| Untracked 
| 119|0x0000000088d00000, 0x0000000088e00000, 0x0000000088e00000|100%| E|  |TAMS 0x0000000088d00000, 0x0000000088d00000| Complete 
| 120|0x0000000088e00000, 0x0000000088f00000, 0x0000000088f00000|100%| E|CS|TAMS 0x0000000088e00000, 0x0000000088e00000| Complete 
| 121|0x0000000088f00000, 0x0000000089000000, 0x0000000089000000|100%| E|CS|TAMS 0x0000000088f00000, 0x0000000088f00000| Complete 
| 122|0x0000000089000000, 0x0000000089100000, 0x0000000089100000|100%| E|CS|TAMS 0x0000000089000000, 0x0000000089000000| Complete 
| 123|0x0000000089100000, 0x0000000089200000, 0x0000000089200000|100%| E|CS|TAMS 0x0000000089100000, 0x0000000089100000| Complete 
| 124|0x0000000089200000, 0x0000000089300000, 0x0000000089300000|100%| E|CS|TAMS 0x0000000089200000, 0x0000000089200000| Complete 
| 125|0x0000000089300000, 0x0000000089400000, 0x0000000089400000|100%| E|CS|TAMS 0x0000000089300000, 0x0000000089300000| Complete 
| 126|0x0000000089400000, 0x0000000089500000, 0x0000000089500000|100%| E|CS|TAMS 0x0000000089400000, 0x0000000089400000| Complete 
| 127|0x0000000089500000, 0x0000000089600000, 0x0000000089600000|100%| E|CS|TAMS 0x0000000089500000, 0x0000000089500000| Complete 

Card table byte_map: [0x0000018967610000,0x0000018967a10000] _byte_map_base: 0x0000018967205000

Marking Bits (Prev, Next): (CMBitMap*) 0x000001895078ceb0, (CMBitMap*) 0x000001895078cef0
 Prev Bits: [0x0000018967e10000, 0x0000018969db8000)
 Next Bits: [0x0000018969dc0000, 0x000001896bd68000)

Polling page: 0x000001894ff30000

Metaspace:

Usage:
  Non-class:      6.81 MB used.
      Class:    881.77 KB used.
       Both:      7.68 MB used.

Virtual space:
  Non-class space:        8.00 MB reserved,       6.94 MB ( 87%) committed,  1 nodes.
      Class space:        1.00 GB reserved,       1.00 MB ( <1%) committed,  1 nodes.
              Both:        1.01 GB reserved,       7.94 MB ( <1%) committed. 

Chunk freelists:
   Non-Class:  1023.00 KB
       Class:  3.04 MB
        Both:  4.04 MB

MaxMetaspaceSize: 17179869184.00 GB
CompressedClassSpaceSize: 1.00 GB
 - commit_granule_bytes: 65536.
 - commit_granule_words: 8192.
 - virtual_space_node_default_size: 1048576.
 - enlarge_chunks_in_place: 1.
 - new_chunks_are_fully_committed: 0.
 - uncommit_free_chunks: 1.
 - use_allocation_guard: 0.
 - handle_deallocations: 1.


Internal statistics:

num_allocs_failed_limit: 0.
num_arena_births: 112.
num_arena_deaths: 0.
num_vsnodes_births: 2.
num_vsnodes_deaths: 0.
num_space_committed: 127.
num_space_uncommitted: 0.
num_chunks_returned_to_freelist: 0.
num_chunks_taken_from_freelist: 151.
num_chunk_merges: 0.
num_chunk_splits: 93.
num_chunks_enlarged: 48.
num_purges: 0.

CodeHeap 'non-profiled nmethods': size=120000Kb used=249Kb max_used=249Kb free=119750Kb
 bounds [0x000001895f9a0000, 0x000001895fc10000, 0x0000018966ed0000]
CodeHeap 'profiled nmethods': size=120000Kb used=1430Kb max_used=1430Kb free=118569Kb
 bounds [0x0000018958470000, 0x00000189586e0000, 0x000001895f9a0000]
CodeHeap 'non-nmethods': size=5760Kb used=1277Kb max_used=1294Kb free=4482Kb
 bounds [0x0000018957ed0000, 0x0000018958140000, 0x0000018958470000]
 total_blobs=1502 nmethods=905 adapters=510
 compilation: enabled
              stopped_count=0, restarted_count=0
 full_count=0

Compilation events (20 events):
Event: 0.492 Thread 0x000001896e788b20 nmethod 892 0x00000189585d0710 code [0x00000189585d0960, 0x00000189585d12a8]
Event: 0.492 Thread 0x000001896e788b20  893   !   3       sun.font.TrueTypeFont::readBlock (136 bytes)
Event: 0.493 Thread 0x000001896ffa0360  900       4       java.util.HashMap::get (19 bytes)
Event: 0.493 Thread 0x000001896e788b20 nmethod 893 0x00000189585d1710 code [0x00000189585d19c0, 0x00000189585d2608]
Event: 0.493 Thread 0x000001896e788b20  894       3       sun.nio.cs.UnicodeDecoder::implReset (9 bytes)
Event: 0.493 Thread 0x000001896e788b20 nmethod 894 0x00000189585d2c10 code [0x00000189585d2da0, 0x00000189585d2eb8]
Event: 0.493 Thread 0x000001896e788b20  895       3       java.nio.HeapByteBuffer::<init> (23 bytes)
Event: 0.493 Thread 0x000001896e788b20 nmethod 895 0x00000189585d2f90 code [0x00000189585d3140, 0x00000189585d32c8]
Event: 0.493 Thread 0x000001896e788b20  896       3       java.nio.HeapCharBuffer::<init> (23 bytes)
Event: 0.494 Thread 0x000001896e780020  901       4       java.util.concurrent.ConcurrentHashMap::get (162 bytes)
Event: 0.494 Thread 0x000001896e788b20 nmethod 896 0x00000189585d3390 code [0x00000189585d3540, 0x00000189585d36c8]
Event: 0.494 Thread 0x000001896e788b20  897       3       java.nio.charset.CharsetDecoder::implFlush (4 bytes)
Event: 0.494 Thread 0x000001896e788b20 nmethod 897 0x00000189585d3790 code [0x00000189585d3920, 0x00000189585d3a38]
Event: 0.494 Thread 0x000001896e788b20  899   !   3       sun.font.TrueTypeFont::makeString (233 bytes)
Event: 0.495 Thread 0x000001896e788b20 nmethod 899 0x00000189585d3b10 code [0x00000189585d3d80, 0x00000189585d48f8]
Event: 0.495 Thread 0x000001896e788b20  898       1       sun.font.TrueTypeFont::getFontCount (5 bytes)
Event: 0.495 Thread 0x000001896e788b20 nmethod 898 0x000001895f9dc890 code [0x000001895f9dca20, 0x000001895f9dcaf8]
Event: 0.503 Thread 0x000001896e788b20  902       3       java.lang.Integer::numberOfLeadingZeros (79 bytes)
Event: 0.503 Thread 0x000001896e788b20 nmethod 902 0x00000189585d4c90 code [0x00000189585d4e40, 0x00000189585d5118]
Event: 0.506 Thread 0x000001896e780020 nmethod 901 0x000001895f9dcb90 code [0x000001895f9dcd80, 0x000001895f9dd758]

GC Heap History (0 events):
No events

Deoptimization events (20 events):
Event: 0.293 Thread 0x000001895074abb0 DEOPT PACKING pc=0x000001895f9c1a80 sp=0x0000005772ffccc0
Event: 0.293 Thread 0x000001895074abb0 DEOPT UNPACKING pc=0x0000018957f1d72e sp=0x0000005772ffcc40 mode 2
Event: 0.293 Thread 0x000001895074abb0 Uncommon trap: trap_request=0xffffff45 fr.pc=0x000001895f9c8c68 relative=0x0000000000000228
Event: 0.293 Thread 0x000001895074abb0 Uncommon trap: reason=unstable_if action=reinterpret pc=0x000001895f9c8c68 method=java.util.StringTokenizer.scanToken(I)I @ 42 c2
Event: 0.293 Thread 0x000001895074abb0 DEOPT PACKING pc=0x000001895f9c8c68 sp=0x0000005772ffcfe0
Event: 0.293 Thread 0x000001895074abb0 DEOPT UNPACKING pc=0x0000018957f1d72e sp=0x0000005772ffcf70 mode 2
Event: 0.376 Thread 0x000001896f4c8ef0 Uncommon trap: trap_request=0xffffff45 fr.pc=0x000001895f9cd7e8 relative=0x00000000000008e8
Event: 0.376 Thread 0x000001896f4c8ef0 Uncommon trap: reason=unstable_if action=reinterpret pc=0x000001895f9cd7e8 method=java.util.HashMap.putVal(ILjava/lang/Object;Ljava/lang/Object;ZZ)Ljava/lang/Object; @ 181 c2
Event: 0.376 Thread 0x000001896f4c8ef0 DEOPT PACKING pc=0x000001895f9cd7e8 sp=0x00000057745fc7e0
Event: 0.376 Thread 0x000001896f4c8ef0 DEOPT UNPACKING pc=0x0000018957f1d72e sp=0x00000057745fc780 mode 2
Event: 0.451 Thread 0x000001896f4c8ef0 Uncommon trap: trap_request=0xffffff45 fr.pc=0x000001895f9a7864 relative=0x0000000000000244
Event: 0.451 Thread 0x000001896f4c8ef0 Uncommon trap: reason=unstable_if action=reinterpret pc=0x000001895f9a7864 method=java.lang.String.hashCode()I @ 20 c2
Event: 0.451 Thread 0x000001896f4c8ef0 DEOPT PACKING pc=0x000001895f9a7864 sp=0x00000057745fc040
Event: 0.451 Thread 0x000001896f4c8ef0 DEOPT UNPACKING pc=0x0000018957f1d72e sp=0x00000057745fbfd0 mode 2
Event: 0.458 Thread 0x000001896f4c8ef0 Uncommon trap: trap_request=0xffffff45 fr.pc=0x000001895f9d60f4 relative=0x00000000000004b4
Event: 0.458 Thread 0x000001896f4c8ef0 Uncommon trap: reason=unstable_if action=reinterpret pc=0x000001895f9d60f4 method=java.lang.StringLatin1.toLowerCase(Ljava/lang/String;[BLjava/util/Locale;)Ljava/lang/String; @ 43 c2
Event: 0.458 Thread 0x000001896f4c8ef0 DEOPT PACKING pc=0x000001895f9d60f4 sp=0x00000057745fcb90
Event: 0.458 Thread 0x000001896f4c8ef0 DEOPT UNPACKING pc=0x0000018957f1d72e sp=0x00000057745fcb00 mode 2
Event: 0.486 Thread 0x000001896f4c8ef0 DEOPT PACKING pc=0x00000189585bd78a sp=0x00000057745fcbe0
Event: 0.486 Thread 0x000001896f4c8ef0 DEOPT UNPACKING pc=0x0000018957f1dece sp=0x00000057745fc068 mode 0

Classes unloaded (0 events):
No events

Classes redefined (0 events):
No events

Internal exceptions (17 events):
Event: 0.089 Thread 0x000001895074abb0 Exception <a 'java/lang/NoSuchMethodError'{0x0000000089354168}: 'void java.lang.invoke.DirectMethodHandle$Holder.invokeSpecial(java.lang.Object, java.lang.Object, java.lang.Object)'> (0x0000000089354168) 
thrown [t:\workspace\open\src\hotspot\share\interpreter\linkResolver.cpp, line 790]
Event: 0.096 Thread 0x000001895074abb0 Exception <a 'java/lang/ClassNotFoundException'{0x0000000089369910}: sun/awt/resources/spi/awtProvider> (0x0000000089369910) 
thrown [t:\workspace\open\src\hotspot\share\classfile\systemDictionary.cpp, line 256]
Event: 0.115 Thread 0x000001895074abb0 Exception <a 'java/io/FileNotFoundException'{0x00000000893c16b8}> (0x00000000893c16b8) 
thrown [t:\workspace\open\src\hotspot\share\prims\jni.cpp, line 579]
Event: 0.121 Thread 0x000001895074abb0 Exception <a 'java/io/FileNotFoundException'{0x00000000893f0250}> (0x00000000893f0250) 
thrown [t:\workspace\open\src\hotspot\share\prims\jni.cpp, line 579]
Event: 0.121 Thread 0x000001895074abb0 Exception <a 'java/lang/NoSuchMethodError'{0x00000000893f1478}: 'java.lang.Object java.lang.invoke.DirectMethodHandle$Holder.invokeStatic(java.lang.Object)'> (0x00000000893f1478) 
thrown [t:\workspace\open\src\hotspot\share\interpreter\linkResolver.cpp, line 790]
Event: 0.157 Thread 0x000001895074abb0 Exception <a 'java/lang/NoSuchMethodError'{0x0000000089249458}: 'java.lang.Object java.lang.invoke.DirectMethodHandle$Holder.invokeStaticInit(java.lang.Object)'> (0x0000000089249458) 
thrown [t:\workspace\open\src\hotspot\share\interpreter\linkResolver.cpp, line 790]
Event: 0.193 Thread 0x000001895074abb0 Exception <a 'java/lang/NoSuchMethodError'{0x00000000891307d8}: 'java.lang.Object java.lang.invoke.DirectMethodHandle$Holder.newInvokeSpecial(java.lang.Object, java.lang.Object, java.lang.Object, java.lang.Object, java.lang.Object)'> (0x00000000891307d8) 
thrown [t:\workspace\open\src\hotspot\share\interpreter\linkResolver.cpp, line 790]
Event: 0.194 Thread 0x000001895074abb0 Exception <a 'java/lang/NoSuchMethodError'{0x000000008913c2c0}: 'java.lang.Object java.lang.invoke.DirectMethodHandle$Holder.invokeStatic(java.lang.Object, int, java.lang.Object, java.lang.Object, java.lang.Object, java.lang.Object)'> (0x000000008913c2c0) 
thrown [t:\workspace\open\src\hotspot\share\interpreter\linkResolver.cpp, line 790]
Event: 0.199 Thread 0x000001895074abb0 Exception <a 'java/lang/NoSuchMethodError'{0x0000000089162458}: 'java.lang.Object java.lang.invoke.DirectMethodHandle$Holder.invokeStatic(java.lang.Object, int, java.lang.Object)'> (0x0000000089162458) 
thrown [t:\workspace\open\src\hotspot\share\interpreter\linkResolver.cpp, line 790]
Event: 0.224 Thread 0x000001895074abb0 Exception <a 'java/lang/ClassNotFoundException'{0x000000008901b708}: com/sun/swing/internal/plaf/metal/resources/spi/metalProvider> (0x000000008901b708) 
thrown [t:\workspace\open\src\hotspot\share\classfile\systemDictionary.cpp, line 256]
Event: 0.225 Thread 0x000001895074abb0 Exception <a 'java/lang/ClassNotFoundException'{0x000000008901f608}: com/sun/swing/internal/plaf/basic/resources/spi/basicProvider> (0x000000008901f608) 
thrown [t:\workspace\open\src\hotspot\share\classfile\systemDictionary.cpp, line 256]
Event: 0.281 Thread 0x000001895074abb0 Exception <a 'java/lang/NoSuchMethodError'{0x00000000890ea258}: 'void java.lang.invoke.DirectMethodHandle$Holder.invokeStaticInit(java.lang.Object)'> (0x00000000890ea258) 
thrown [t:\workspace\open\src\hotspot\share\interpreter\linkResolver.cpp, line 790]
Event: 0.346 Thread 0x000001896f4347a0 Exception <a 'java/lang/NoSuchMethodError'{0x0000000089286af8}: 'void java.lang.invoke.DirectMethodHandle$Holder.invokeVirtual(java.lang.Object, java.lang.Object)'> (0x0000000089286af8) 
thrown [t:\workspace\open\src\hotspot\share\interpreter\linkResolver.cpp, line 790]
Event: 0.461 Thread 0x000001896f4c8ef0 Exception <a 'java/io/FileNotFoundException'{0x0000000088eaac68}> (0x0000000088eaac68) 
thrown [t:\workspace\open\src\hotspot\share\prims\jni.cpp, line 579]
Event: 0.465 Thread 0x000001896f4c8ef0 Exception <a 'java/io/FileNotFoundException'{0x0000000088ec0918}> (0x0000000088ec0918) 
thrown [t:\workspace\open\src\hotspot\share\prims\jni.cpp, line 579]
Event: 0.483 Thread 0x000001896f4c8ef0 Exception <a 'java/io/FileNotFoundException'{0x0000000088d458f8}> (0x0000000088d458f8) 
thrown [t:\workspace\open\src\hotspot\share\prims\jni.cpp, line 579]
Event: 0.485 Thread 0x000001896f4c8ef0 Exception <a 'java/io/FileNotFoundException'{0x0000000088d5b2b8}> (0x0000000088d5b2b8) 
thrown [t:\workspace\open\src\hotspot\share\prims\jni.cpp, line 579]

Events (20 events):
Event: 0.503 loading class sun/awt/windows/WInputMethod
Event: 0.503 loading class sun/awt/im/InputMethodAdapter
Event: 0.503 loading class java/awt/im/spi/InputMethod
Event: 0.503 loading class java/awt/im/spi/InputMethod done
Event: 0.503 loading class sun/awt/im/InputMethodAdapter done
Event: 0.503 loading class sun/awt/windows/WInputMethod done
Event: 0.504 loading class javax/swing/text/JTextComponent$InputMethodRequestsHandler
Event: 0.504 loading class javax/swing/text/JTextComponent$InputMethodRequestsHandler done
Event: 0.510 loading class sun/awt/im/CompositionAreaHandler
Event: 0.510 loading class sun/awt/im/CompositionAreaHandler done
Event: 0.510 loading class java/text/AttributedString
Event: 0.510 loading class java/text/AttributedString done
Event: 0.510 loading class java/text/AttributedString$AttributedStringIterator
Event: 0.510 loading class java/text/AttributedCharacterIterator
Event: 0.510 loading class java/text/AttributedCharacterIterator done
Event: 0.510 loading class java/text/AttributedString$AttributedStringIterator done
Event: 0.510 loading class java/awt/event/ContainerEvent
Event: 0.510 loading class java/awt/event/ContainerEvent done
Event: 0.511 loading class javax/swing/TimerQueue
Event: 0.511 loading class javax/swing/TimerQueue done


Dynamic libraries:
0x00007ff7f54c0000 - 0x00007ff7f54d0000 	C:\Program Files\Java\jdk-16.0.2\bin\javaw.exe
0x00007ffd2d3c0000 - 0x00007ffd2d5c9000 	C:\WINDOWS\SYSTEM32\ntdll.dll
0x00007ffd2c1e0000 - 0x00007ffd2c29d000 	C:\WINDOWS\System32\KERNEL32.DLL
0x00007ffd2a950000 - 0x00007ffd2acc4000 	C:\WINDOWS\System32\KERNELBASE.dll
0x00007ffd2b110000 - 0x00007ffd2b221000 	C:\WINDOWS\System32\ucrtbase.dll
0x00007ffd1b1f0000 - 0x00007ffd1b209000 	C:\Program Files\Java\jdk-16.0.2\bin\VCRUNTIME140.dll
0x00007ffd1b210000 - 0x00007ffd1b228000 	C:\Program Files\Java\jdk-16.0.2\bin\jli.dll
0x00007ffd2b2c0000 - 0x00007ffd2b36e000 	C:\WINDOWS\System32\ADVAPI32.dll
0x00007ffd2baf0000 - 0x00007ffd2bb93000 	C:\WINDOWS\System32\msvcrt.dll
0x00007ffd2c3d0000 - 0x00007ffd2c46e000 	C:\WINDOWS\System32\sechost.dll
0x00007ffd2d180000 - 0x00007ffd2d2a0000 	C:\WINDOWS\System32\RPCRT4.dll
0x00007ffd2ced0000 - 0x00007ffd2d07c000 	C:\WINDOWS\System32\USER32.dll
0x00007ffd2b230000 - 0x00007ffd2b256000 	C:\WINDOWS\System32\win32u.dll
0x00007ffd14260000 - 0x00007ffd14505000 	C:\WINDOWS\WinSxS\amd64_microsoft.windows.common-controls_6595b64144ccf1df_6.0.22000.120_none_9d947278b86cc467\COMCTL32.dll
0x00007ffd2bba0000 - 0x00007ffd2bbc9000 	C:\WINDOWS\System32\GDI32.dll
0x00007ffd2acd0000 - 0x00007ffd2ade2000 	C:\WINDOWS\System32\gdi32full.dll
0x00007ffd2a8b0000 - 0x00007ffd2a94d000 	C:\WINDOWS\System32\msvcp_win.dll
0x00007ffd22fb0000 - 0x00007ffd22fba000 	C:\WINDOWS\SYSTEM32\VERSION.dll
0x00007ffd2c1a0000 - 0x00007ffd2c1d1000 	C:\WINDOWS\System32\IMM32.DLL
0x00007ffd13d10000 - 0x00007ffd13d1c000 	C:\Program Files\Java\jdk-16.0.2\bin\vcruntime140_1.dll
0x00007ffcfc3d0000 - 0x00007ffcfc461000 	C:\Program Files\Java\jdk-16.0.2\bin\msvcp140.dll
0x00007ffccdf00000 - 0x00007ffcceaab000 	C:\Program Files\Java\jdk-16.0.2\bin\server\jvm.dll
0x00007ffd2b670000 - 0x00007ffd2b678000 	C:\WINDOWS\System32\PSAPI.DLL
0x00007ffd28920000 - 0x00007ffd28929000 	C:\WINDOWS\SYSTEM32\WSOCK32.dll
0x00007ffd24b80000 - 0x00007ffd24bb3000 	C:\WINDOWS\SYSTEM32\WINMM.dll
0x00007ffd2bbd0000 - 0x00007ffd2bc3f000 	C:\WINDOWS\System32\WS2_32.dll
0x00007ffd29aa0000 - 0x00007ffd29ab8000 	C:\WINDOWS\SYSTEM32\kernel.appcore.dll
0x00007ffd17ca0000 - 0x00007ffd17caa000 	C:\Program Files\Java\jdk-16.0.2\bin\jimage.dll
0x00007ffd28560000 - 0x00007ffd28781000 	C:\WINDOWS\SYSTEM32\DBGHELP.DLL
0x00007ffd17be0000 - 0x00007ffd17c11000 	C:\WINDOWS\SYSTEM32\dbgcore.DLL
0x00007ffd2b090000 - 0x00007ffd2b10f000 	C:\WINDOWS\System32\bcryptPrimitives.dll
0x00007ffd0e880000 - 0x00007ffd0e8a5000 	C:\Program Files\Java\jdk-16.0.2\bin\java.dll
0x00007ffd2c720000 - 0x00007ffd2cece000 	C:\WINDOWS\System32\SHELL32.dll
0x00007ffd28a30000 - 0x00007ffd29298000 	C:\WINDOWS\SYSTEM32\windows.storage.dll
0x00007ffd2be00000 - 0x00007ffd2c178000 	C:\WINDOWS\System32\combase.dll
0x00007ffd28790000 - 0x00007ffd288f6000 	C:\WINDOWS\SYSTEM32\wintypes.dll
0x00007ffd2d080000 - 0x00007ffd2d16a000 	C:\WINDOWS\System32\SHCORE.dll
0x00007ffd2b260000 - 0x00007ffd2b2bd000 	C:\WINDOWS\System32\shlwapi.dll
0x00007ffd2a7e0000 - 0x00007ffd2a801000 	C:\WINDOWS\SYSTEM32\profapi.dll
0x00007ffd0b190000 - 0x00007ffd0b1a8000 	C:\Program Files\Java\jdk-16.0.2\bin\zip.dll
0x00007ffcf8500000 - 0x00007ffcf8680000 	C:\Program Files\Java\jdk-16.0.2\bin\awt.dll
0x00007ffd2d2a0000 - 0x00007ffd2d376000 	C:\WINDOWS\System32\OLEAUT32.dll
0x00007ffd271e0000 - 0x00007ffd27271000 	C:\WINDOWS\SYSTEM32\apphelp.dll
0x00007ffd27fa0000 - 0x00007ffd27fcf000 	C:\WINDOWS\system32\DWMAPI.DLL
0x00007ffd272e0000 - 0x00007ffd2738c000 	C:\WINDOWS\system32\uxtheme.dll
0x00007ffd0ec40000 - 0x00007ffd0ed41000 	C:\WINDOWS\system32\opengl32.dll
0x00007ffd1b560000 - 0x00007ffd1b58d000 	C:\WINDOWS\SYSTEM32\GLU32.dll
0x00007ffd27de0000 - 0x00007ffd27e18000 	C:\WINDOWS\SYSTEM32\dxcore.dll
0x00007ffd2c470000 - 0x00007ffd2c58e000 	C:\WINDOWS\System32\MSCTF.dll
0x00007ffd2b370000 - 0x00007ffd2b50a000 	C:\WINDOWS\System32\ole32.dll
0x00007ffd0c460000 - 0x00007ffd0c4e9000 	C:\Program Files\Java\jdk-16.0.2\bin\freetype.dll
0x00007ffcfc4a0000 - 0x00007ffcfc596000 	C:\Program Files\Java\jdk-16.0.2\bin\harfbuzz.dll
0x00007ffd24df0000 - 0x00007ffd24e02000 	C:\Program Files\Java\jdk-16.0.2\bin\fontmanager.dll
0x00007ffd2c320000 - 0x00007ffd2c3cf000 	C:\WINDOWS\System32\clbcatq.dll
0x00007ffd21b80000 - 0x00007ffd21d2e000 	C:\WINDOWS\SYSTEM32\WindowsCodecs.dll
0x00007ffd0d0d0000 - 0x00007ffd0d12d000 	C:\WINDOWS\system32\dataexchange.dll
0x00007ffd214e0000 - 0x00007ffd21746000 	C:\WINDOWS\system32\twinapi.appcore.dll
0x00007ffd0b650000 - 0x00007ffd0b77d000 	C:\WINDOWS\SYSTEM32\textinputframework.dll
0x00007ffd0dfc0000 - 0x00007ffd0dfd9000 	C:\Program Files\Java\jdk-16.0.2\bin\net.dll
0x00007ffd24730000 - 0x00007ffd2483c000 	C:\WINDOWS\SYSTEM32\WINHTTP.dll
0x00007ffd29ed0000 - 0x00007ffd29f37000 	C:\WINDOWS\system32\mswsock.dll
0x00007ffd0b490000 - 0x00007ffd0b4a3000 	C:\Program Files\Java\jdk-16.0.2\bin\nio.dll
0x00007ffd26da0000 - 0x00007ffd26ed2000 	C:\WINDOWS\SYSTEM32\CoreMessaging.dll
0x00007ffd23110000 - 0x00007ffd2347d000 	C:\WINDOWS\SYSTEM32\CoreUIComponents.dll
0x00007ffd2a110000 - 0x00007ffd2a11c000 	C:\WINDOWS\SYSTEM32\CRYPTBASE.DLL

dbghelp: loaded successfully - version: 4.0.5 - missing functions: none
symbol engine: initialized successfully - sym options: 0x614 - pdb path: .;C:\Program Files\Java\jdk-16.0.2\bin;C:\WINDOWS\SYSTEM32;C:\WINDOWS\WinSxS\amd64_microsoft.windows.common-controls_6595b64144ccf1df_6.0.22000.120_none_9d947278b86cc467;C:\Program Files\Java\jdk-16.0.2\bin\server

VM Arguments:
jvm_args: -Dfile.encoding=Cp1252 -XX:+ShowCodeDetailsInExceptionMessages 
java_command: view.TelaMenu
java_class_path (initial): C:\Users\Cliente\git\Loja-de-Ebooks\LojaEbooks\bin
Launcher Type: SUN_STANDARD

[Global flags]
     intx CICompilerCount                          = 4                                         {product} {ergonomic}
     uint ConcGCThreads                            = 2                                         {product} {ergonomic}
     uint G1ConcRefinementThreads                  = 8                                         {product} {ergonomic}
   size_t G1HeapRegionSize                         = 1048576                                   {product} {ergonomic}
    uintx GCDrainStackTargetSize                   = 64                                        {product} {ergonomic}
   size_t InitialHeapSize                          = 134217728                                 {product} {ergonomic}
   size_t MarkStackSize                            = 4194304                                   {product} {ergonomic}
   size_t MaxHeapSize                              = 2124414976                                {product} {ergonomic}
   size_t MaxNewSize                               = 1274019840                                {product} {ergonomic}
   size_t MinHeapDeltaBytes                        = 1048576                                   {product} {ergonomic}
   size_t MinHeapSize                              = 8388608                                   {product} {ergonomic}
    uintx NonNMethodCodeHeapSize                   = 5839372                                {pd product} {ergonomic}
    uintx NonProfiledCodeHeapSize                  = 122909434                              {pd product} {ergonomic}
    uintx ProfiledCodeHeapSize                     = 122909434                              {pd product} {ergonomic}
    uintx ReservedCodeCacheSize                    = 251658240                              {pd product} {ergonomic}
     bool SegmentedCodeCache                       = true                                      {product} {ergonomic}
     bool ShowCodeDetailsInExceptionMessages       = true                                   {manageable} {command line}
   size_t SoftMaxHeapSize                          = 2124414976                             {manageable} {ergonomic}
     bool UseCompressedClassPointers               = true                           {product lp64_product} {ergonomic}
     bool UseCompressedOops                        = true                           {product lp64_product} {ergonomic}
     bool UseG1GC                                  = true                                      {product} {ergonomic}
     bool UseLargePagesIndividualAllocation        = false                                  {pd product} {ergonomic}

Logging:
Log output configuration:
 #0: stdout all=warning uptime,level,tags
 #1: stderr all=off uptime,level,tags

Environment Variables:
PATH=C:/Program Files/Java/jdk-16.0.2/bin/server;C:/Program Files/Java/jdk-16.0.2/bin;C:\Program Files (x86)\VMware\VMware Player\bin\;C:\Program Files\Common Files\Oracle\Java\javapath;C:\Program Files (x86)\Common Files\Oracle\Java\javapath;C:\WINDOWS\system32;C:\WINDOWS;C:\WINDOWS\System32\Wbem;C:\WINDOWS\System32\WindowsPowerShell\v1.0\;C:\WINDOWS\System32\OpenSSH\;C:\MinGW\bin;C:\Program Files\Git\cmd;C:\Program Files\dotnet\;C:\Program Files\MATLAB\R2016a\runtime\win64;C:\Program Files\MATLAB\R2016a\bin;C:\Program Files\MATLAB\R2016a\polyspace\bin;C:\Users\Cliente\AppData\Local\Microsoft\WindowsApps;C:\Users\Cliente\AppData\Local\Programs\Microsoft VS Code\bin;C:\Users\Cliente\.dotnet\tools;;C:\WINDOWS\System32;
USERNAME=Cliente
OS=Windows_NT
PROCESSOR_IDENTIFIER=Intel64 Family 6 Model 142 Stepping 10, GenuineIntel



---------------  S Y S T E M  ---------------

OS:
 Windows 10 , 64 bit Build 22000 (10.0.22000.434)
OS uptime: 28 days 10:00 hours

CPU: total 8 (initial active 8) (4 cores per cpu, 2 threads per core) family 6 model 142 stepping 10 microcode 0xe0, cx8, cmov, fxsr, ht, mmx, 3dnowpref, sse, sse2, sse3, ssse3, sse4.1, sse4.2, popcnt, lzcnt, tsc, tscinvbit, avx, avx2, aes, erms, clmul, bmi1, bmi2, adx, fma, vzeroupper, clflush, clflushopt

Memory: 4k page, system-wide physical 8101M (1187M free)
TotalPageFile size 20832M (AvailPageFile size 4M)
current process WorkingSet (physical memory assigned to process): 63M, peak: 63M
current process commit charge ("private bytes"): 225M, peak: 225M

vm_info: Java HotSpot(TM) 64-Bit Server VM (16.0.2+7-67) for windows-amd64 JRE (16.0.2+7-67), built on Jun  8 2021 23:24:19 by "mach5one" with MS VC++ 16.7 (VS2019)

END.
